Request http://localhost:8080/swagger-ui.html took 482 ms
Request http://localhost:8080/favicon.ico took 47 ms
Request http://localhost:8080//v3/api-docs took 28 ms
Request http://localhost:8080/v3/api-docs/swagger-ui.html took 18 ms
Request http://localhost:8080/swagger-ui.html took 15 ms
Request http://localhost:8080/webjars/swagger-ui/index.html took 115 ms
Request http://localhost:8080/webjars/swagger-ui/index.html took 17 ms
Request http://localhost:8080/webjars/swagger-ui/index.html took 13 ms
Request http://localhost:8080/v3/api-docs took 28 ms
Request http://localhost:8080/webjars/swagger-ui/index.html took 99 ms
Request http://localhost:8080/webjars/swagger-ui/index.html took 17 ms
Request http://localhost:8080/swagger-ui.html took 19 ms
Request http://localhost:8080/swagger-ui.html took 16 ms
Request http://localhost:8080/swagger-ui.html took 34 ms
Request http://localhost:8080/webjars/swagger-ui/index.html took 77 ms
Request http://localhost:8080/webjars/swagger-ui/index.html took 159 ms
Request http://localhost:8080/webjars/swagger-ui/index.html took 14 ms
Request http://localhost:8080/swagger-ui/index.html took 15 ms
Request http://localhost:8080/swagger-ui/index.html took 14 ms
Request http://localhost:8080/v3/api-docs took 28 ms
Request http://localhost:8080/v3/api-docs took 369 ms
Request http://localhost:8080/swagger-ui/index.html took 66 ms
Request http://localhost:8080/swagger-ui/index.html took 14 ms
Request http://localhost:8080/swagger-ui/index.html took 125 ms
Request http://localhost:8080/swagger-ui/index.html took 17 ms
Request http://localhost:8080/v3/api-docs took 288 ms
Request http://localhost:8080/webjars/swagger-ui/index.html took 80 ms
Request http://localhost:8080/webjars/swagger-ui/swagger-ui.css took 15 ms
Request http://localhost:8080/webjars/swagger-ui/index.css took 21 ms
Request http://localhost:8080/webjars/swagger-ui/swagger-ui-standalone-preset.js took 28 ms
Request http://localhost:8080/webjars/swagger-ui/swagger-initializer.js took 72 ms
Request http://localhost:8080/webjars/swagger-ui/swagger-ui-bundle.js took 77 ms
Request http://localhost:8080/webjars/swagger-ui/favicon-32x32.png took 8 ms
Request http://localhost:8080/v3/api-docs/swagger-config took 16 ms
Request http://localhost:8080/v3/api-docs took 101 ms
Request http://localhost:8080/api/products took 437 ms
Request http://localhost:8080/h2-console took 118 ms
Request http://localhost:8080/webjars/swagger-ui/index.html took 38 ms
Request http://localhost:8080/webjars/swagger-ui/swagger-ui.css took 11 ms
Request http://localhost:8080/webjars/swagger-ui/index.css took 12 ms
Request http://localhost:8080/webjars/swagger-ui/swagger-ui-bundle.js took 12 ms
Request http://localhost:8080/webjars/swagger-ui/swagger-ui-standalone-preset.js took 10 ms
Request http://localhost:8080/webjars/swagger-ui/swagger-initializer.js took 41 ms
Request http://localhost:8080/webjars/swagger-ui/favicon-32x32.png took 9 ms
Request http://localhost:8080/v3/api-docs/swagger-config took 59 ms
Request http://localhost:8080/v3/api-docs took 305 ms
Request http://localhost:8080/h2-console took 31 ms
Request http://localhost:8080/h2-console took 17 ms
Request http://localhost:8080/h2-console took 13 ms
Request http://localhost:8080/h2-console took 11 ms
Request http://localhost:8080/h2-console took 12 ms
Request http://localhost:8080/h2-console took 12 ms
Request http://localhost:8080/h2-console took 12 ms
Request http://localhost:8080/h2-console took 11 ms
Request http://localhost:8080/webjars/swagger-ui/index.html took 86 ms
Request http://localhost:8080/webjars/swagger-ui/swagger-ui.css took 9 ms
Request http://localhost:8080/webjars/swagger-ui/index.css took 10 ms
Request http://localhost:8080/webjars/swagger-ui/swagger-ui-standalone-preset.js took 12 ms
Request http://localhost:8080/webjars/swagger-ui/swagger-ui-bundle.js took 16 ms
Request http://localhost:8080/webjars/swagger-ui/swagger-initializer.js took 37 ms
Request http://localhost:8080/webjars/swagger-ui/favicon-32x32.png took 4 ms
Request http://localhost:8080/v3/api-docs/swagger-config took 59 ms
Request http://localhost:8080/v3/api-docs took 278 ms
Request http://localhost:8080/h2-console took 50 ms
Request http://localhost:8080/h2-console took 12 ms
Request http://localhost:8080/h2-console took 12 ms
Request http://localhost:8080/h2-console took 12 ms
Request http://localhost:8080/h2-console took 12 ms
Request http://localhost:8080/h2-console took 17 ms
Request http://localhost:8080/h2-console took 15 ms
Request http://localhost:8080/h2-console took 22 ms
Request http://localhost:8080/h2-console took 116 ms
Request http://localhost:8080/api/products took 304 ms
Request http://localhost:8080/api/products/66eafdb7755d5b3d2a4eb3e3 took 42 ms
Request http://localhost:8080/api/products/66eafdb7755d5b3d2a4eb3e3 took 1120 ms
Request http://localhost:8080/api/products/66eafdb7755d5b3d2a4eb3e3 took 118 ms
Request http://localhost:8080/api/products took 10 ms
Request http://localhost:8080/api/products/66eb0201755d5b3d2a4eb3e4 took 35 ms
Request http://localhost:8080/api/products/66eb0201755d5b3d2a4eb3e4 took 434 ms
Request http://localhost:8080/api/products/66eb0201755d5b3d2a4eb3e4 took 116 ms
Request http://localhost:8080/api/products/66eb0201755d5b3d2a4eb3e4 took 1230 ms
Request http://localhost:8080/api/products/66eb0201755d5b3d2a4eb3e4 took 88 ms
Request http://localhost:8080/api/products/66eb0201755d5b3d2a4eb3e4 took 131 ms
